  02_printf格式化输出.c
E:\StudyClass\DataBase\C++\C++学习内容\C++基础\studyC++\studyC++\02_printf格式化输出.c(1,9): warning C4067: 预处理器指令后有意外标记 - 应输入换行符
  01_数据类型相关的关键字.c
E:\StudyClass\DataBase\C++\C++学习内容\C++基础\studyC++\studyC++\01_数据类型相关的关键字.c(1,9): warning C4067: 预处理器指令后有意外标记 - 应输入换行符
E:\StudyClass\DataBase\C++\C++学习内容\C++基础\studyC++\studyC++\01_数据类型相关的关键字.c(2,9): warning C4067: 预处理器指令后有意外标记 - 应输入换行符
E:\StudyClass\DataBase\C++\C++学习内容\C++基础\studyC++\studyC++\01_数据类型相关的关键字.c(3,9): warning C4067: 预处理器指令后有意外标记 - 应输入换行符
E:\StudyClass\DataBase\C++\C++学习内容\C++基础\studyC++\studyC++\01_数据类型相关的关键字.c(40,2): warning C4013: “sizeofcase”未定义；假设外部返回 int
E:\StudyClass\DataBase\C++\C++学习内容\C++基础\studyC++\studyC++\01_数据类型相关的关键字.c(44,9): warning C4013: “charcase”未定义；假设外部返回 int
E:\StudyClass\DataBase\C++\C++学习内容\C++基础\studyC++\studyC++\01_数据类型相关的关键字.c(45,9): warning C4013: “shortcase”未定义；假设外部返回 int
E:\StudyClass\DataBase\C++\C++学习内容\C++基础\studyC++\studyC++\01_数据类型相关的关键字.c(47,2): warning C4013: “intcase”未定义；假设外部返回 int
E:\StudyClass\DataBase\C++\C++学习内容\C++基础\studyC++\studyC++\01_数据类型相关的关键字.c(48,2): warning C4013: “floatcase”未定义；假设外部返回 int
E:\StudyClass\DataBase\C++\C++学习内容\C++基础\studyC++\studyC++\01_数据类型相关的关键字.c(49,2): warning C4013: “longcase”未定义；假设外部返回 int
E:\StudyClass\DataBase\C++\C++学习内容\C++基础\studyC++\studyC++\01_数据类型相关的关键字.c(50,2): warning C4013: “doublecase”未定义；假设外部返回 int
E:\StudyClass\DataBase\C++\C++学习内容\C++基础\studyC++\studyC++\01_数据类型相关的关键字.c(51,2): warning C4013: “longlongcase”未定义；假设外部返回 int
E:\StudyClass\DataBase\C++\C++学习内容\C++基础\studyC++\studyC++\01_数据类型相关的关键字.c(52,2): warning C4013: “longdoublecase”未定义；假设外部返回 int
E:\StudyClass\DataBase\C++\C++学习内容\C++基础\studyC++\studyC++\01_数据类型相关的关键字.c(185,9): warning C4477: “printf”: 格式字符串“%E”需要类型“double”的参数，但可变参数 1 拥有了类型“__int64”
E:\StudyClass\DataBase\C++\C++学习内容\C++基础\studyC++\studyC++\01_数据类型相关的关键字.c(185,9): warning C4477: “printf”: 格式字符串“%E”需要类型“double”的参数，但可变参数 2 拥有了类型“__int64”
  00_study.c
  03_数据类型转换.c
  04位运算符.c
E:\StudyClass\DataBase\C++\C++学习内容\C++基础\studyC++\studyC++\04位运算符.c(34,9): warning C4013: “bit_opreation_and”未定义；假设外部返回 int
E:\StudyClass\DataBase\C++\C++学习内容\C++基础\studyC++\studyC++\04位运算符.c(42,9): warning C4013: “bit_opreation_or”未定义；假设外部返回 int
E:\StudyClass\DataBase\C++\C++学习内容\C++基础\studyC++\studyC++\04位运算符.c(50,9): warning C4013: “bit_opreation_not”未定义；假设外部返回 int
E:\StudyClass\DataBase\C++\C++学习内容\C++基础\studyC++\studyC++\04位运算符.c(62,9): warning C4013: “bit_opreation_leftmove”未定义；假设外部返回 int
E:\StudyClass\DataBase\C++\C++学习内容\C++基础\studyC++\studyC++\04位运算符.c(69,9): warning C4013: “bit_opreation_rightmove”未定义；假设外部返回 int
  05_条件运算符.c
E:\StudyClass\DataBase\C++\C++学习内容\C++基础\studyC++\studyC++\05_条件运算符.c(1,9): warning C4067: 预处理器指令后有意外标记 - 应输入换行符
  06_逗号运算符.c
  07_自变化.c
E:\StudyClass\DataBase\C++\C++学习内容\C++基础\studyC++\studyC++\07_自变化.c(9,8): warning C4013: “before_increment”未定义；假设外部返回 int
E:\StudyClass\DataBase\C++\C++学习内容\C++基础\studyC++\studyC++\07_自变化.c(12,8): warning C4013: “after_increment”未定义；假设外部返回 int
  08_控制分支语句.c
  09_控制循环语句.c
  10_控制语句_goto.c
  11_控制语句练习.c
E:\StudyClass\DataBase\C++\C++学习内容\C++基础\studyC++\studyC++\11_控制语句练习.c(19,14): warning C4013: “is_narcissistic_number”未定义；假设外部返回 int
  12_数组_数组的分类.c
E:\StudyClass\DataBase\C++\C++学习内容\C++基础\studyC++\studyC++\12_数组_数组的分类.c(11,2): warning C4013: “element_classifaction”未定义；假设外部返回 int
E:\StudyClass\DataBase\C++\C++学习内容\C++基础\studyC++\studyC++\12_数组_数组的分类.c(12,2): warning C4013: “dimension_classifaction”未定义；假设外部返回 int
  正在生成代码...
E:\StudyClass\DataBase\C++\C++学习内容\C++基础\studyC++\studyC++\01_数据类型相关的关键字.c(121): warning C4716: “sizeofcase”: 必须返回一个值
  studyC++.vcxproj -> E:\StudyClass\DataBase\C++\C++学习内容\C++基础\studyC++\Debug\studyC++.exe
